[16:57:28] [main/INFO]: Environment: authHost='https://authserver.mojang.com', accountsHost='https://api.mojang.com', sessionHost='https://sessionserver.mojang.com', servicesHost='https://api.minecraftservices.com', name='PROD'
[16:57:28] [main/INFO]: Reloading ResourceManager: Default, bukkit
[16:57:29] [Worker-Main-1/INFO]: Loaded 7 recipes
[16:57:32] [Server thread/INFO]: Starting minecraft server version 1.16.4
[16:57:32] [Server thread/INFO]: Loading properties
[16:57:32] [Server thread/INFO]: This server is running Paper version git-Paper-393 (MC: 1.16.4) (Implementing API version 1.16.4-R0.1-SNAPSHOT)
[16:57:33] [Server thread/INFO]: Debug logging is disabled
[16:57:33] [Server thread/INFO]: Server Ping Player Sample Count: 12
[16:57:33] [Server thread/INFO]: Using 4 threads for Netty based IO
[16:57:33] [Server thread/INFO]: Default game type: SURVIVAL
[16:57:33] [Server thread/INFO]: Generating keypair
[16:57:33] [Server thread/INFO]: Starting Minecraft server on *:25565
[16:57:33] [Server thread/INFO]: Using default channel type
[16:57:33] [Server thread/INFO]: Server permissions file permissions.yml is empty, ignoring it
[16:57:33] [Server thread/INFO]: Preparing level "world"
[16:57:33] [Server thread/INFO]: Preparing start region for dimension minecraft:overworld
[16:57:34] [Server thread/INFO]: Loaded 0 spawn chunks for world world
[16:57:34] [Server thread/INFO]: Preparing spawn area: 0%
[16:57:34] [Server thread/INFO]: Preparing spawn area: 0%
[16:57:34] [Server thread/INFO]: Preparing spawn area: 0%
[16:57:35] [Server thread/INFO]: Preparing spawn area: 12%
[16:57:35] [Server thread/INFO]: Time elapsed: 1931 ms
[16:57:35] [Server thread/INFO]: Preparing start region for dimension minecraft:the_nether
[16:57:36] [Server thread/INFO]: Loaded 0 spawn chunks for world world_nether
[16:57:36] [Server thread/INFO]: Preparing spawn area: 0%
[16:57:36] [Server thread/INFO]: Preparing spawn area: 8%
[16:57:36] [Server thread/INFO]: Time elapsed: 1050 ms
[16:57:36] [Server thread/INFO]: Preparing start region for dimension minecraft:the_end
[16:57:37] [Server thread/INFO]: Loaded 0 spawn chunks for world world_the_end
[16:57:37] [Server thread/INFO]: Preparing spawn area: 0%
[16:57:37] [Server thread/INFO]: Preparing spawn area: 0%
[16:57:37] [Server thread/INFO]: Preparing spawn area: 5%
[16:57:37] [Server thread/INFO]: Time elapsed: 1139 ms
[16:57:38] [Server thread/INFO]: Running delayed init tasks
[16:57:38] [Server thread/INFO]: Done (5.190s)! For help, type "help"
[16:57:38] [Server thread/INFO]: Timings Reset
[16:57:40] [Server thread/INFO]: Stopping the server
[16:57:40] [Server thread/INFO]: Stopping server
[16:57:40] [Server thread/INFO]: Saving players
[16:57:40] [Server thread/INFO]: Saving worlds
[16:57:40] [Server thread/INFO]: Saving chunks for level 'ServerLevel[world]'/minecraft:overworld
[16:57:47] [Server thread/INFO]: ThreadedAnvilChunkStorage (world): All chunks are saved
[16:57:47] [Server thread/INFO]: Saving chunks for level 'ServerLevel[world_nether]'/minecraft:the_nether
[16:57:49] [Server thread/INFO]: ThreadedAnvilChunkStorage (DIM-1): All chunks are saved
[16:57:49] [Server thread/INFO]: Saving chunks for level 'ServerLevel[world_the_end]'/minecraft:the_end
[16:57:50] [Server thread/INFO]: ThreadedAnvilChunkStorage (DIM1): All chunks are saved
[16:57:50] [Server thread/INFO]: ThreadedAnvilChunkStorage (world): All chunks are saved
[16:57:51] [Server thread/INFO]: ThreadedAnvilChunkStorage (DIM-1): All chunks are saved
[16:57:51] [Server thread/INFO]: ThreadedAnvilChunkStorage (DIM1): All chunks are saved
[16:57:51] [Server thread/INFO]: Flushing Chunk IO
[16:57:51] [Server thread/INFO]: Closing Thread Pool
[16:57:51] [Server thread/INFO]: Closing Server
